- current Perc 7
- year hr perc 0
- perc progress 0
- current hours 7
- counter 13
- yearly hr into percentage 0
- current Perc 7
- year hr perc 7
- perc progress 15
- current hours 14
- counter 7
- yearly hr into percentage 7
- current Perc 7
- year hr perc 5
- perc progress 10
- current hours 12
- counter 8
- yearly hr into percentage 5
- current Perc 7
- year hr perc 5
- perc progress 10
- current hours 12
- counter 8
- yearly hr into percentage 5
- current Perc 7
- year hr perc 20
- perc progress 40
- current hours 27
- counter 4
- yearly hr into percentage 20
- current Perc 9
- year hr perc 7
- perc progress 15
- current hours 16
- counter 6
- yearly hr into percentage 7
